C51 COMPILER V9.60.7.0   MAIN                                                              04/16/2024 20:27:16 PAGE 1   


C51 COMPILER V9.60.7.0, COMPILATION OF MODULE MAIN
OBJECT MODULE PLACED IN .\Objects\main.obj
COMPILER INVOKED BY: C:\Keil_v5\C51\BIN\C51.EXE main.c OPTIMIZE(8,SPEED) BROWSE DEBUG OBJECTEXTEND PRINT(.\Listings\main
                    -.lst) TABS(2) OBJECT(.\Objects\main.obj)

line level    source

   1          #include <reg51.h>
   2          
   3          sbit D1 = P0^4;
   4          char i = 0;
   5          char led_mod[] = {0x3f,0x06,0x5b,0x4f,0x66,0x6d,0x7d,
   6            0x07,0x7f,0x6f,0x77,0x7c,0x39,0x5e,0x79,0x71,0x00};
   7          
   8          void delay(unsigned int t) {
   9   1        unsigned char j = 250;
  10   1        for(;t > 0;t--)
  11   1          for(;j > 0;j--);
  12   1      }
  13          
  14          void interKey1() interrupt 0 {
  15   1        D1 = !D1;
  16   1      }
  17          
  18          void interKey2() interrupt 2 {
  19   1        ++i;
  20   1        i %= 16;
  21   1      }
  22          
  23          int main() {
  24   1        P0 = 0xFF;
  25   1        P3 = 0xFF;
  26   1        
  27   1        TCON = 0x05;
  28   1        IE = 0x85;
  29   1        
  30   1        while(1) {
  31   2          P2 = led_mod[i];
  32   2        }
  33   1      }
  34          


MODULE INFORMATION:   STATIC OVERLAYABLE
   CODE SIZE        =    122    ----
   CONSTANT SIZE    =   ----    ----
   XDATA SIZE       =   ----    ----
   PDATA SIZE       =   ----    ----
   DATA SIZE        =     18    ----
   IDATA SIZE       =   ----    ----
   BIT SIZE         =   ----    ----
END OF MODULE INFORMATION.


C51 COMPILATION COMPLETE.  0 WARNING(S),  0 ERROR(S)
