C51 COMPILER V9.60.7.0   MAIN                                                              04/30/2024 09:12:09 PAGE 1   


C51 COMPILER V9.60.7.0, COMPILATION OF MODULE MAIN
OBJECT MODULE PLACED IN .\Objects\main.obj
COMPILER INVOKED BY: C:\Keil_v5\C51\BIN\C51.EXE main.c OPTIMIZE(8,SPEED) BROWSE DEBUG OBJECTEXTEND PRINT(.\Listings\main
                    -.lst) TABS(2) OBJECT(.\Objects\main.obj)

line level    source

   1          #include <reg51.h>
   2          
   3          char timer_cycle = 0;
   4          char seconds = 0;
   5          char table[]={0x3f,0x06,0x5b,0x4f,0x66,0x6d,0x7d,0x07,0x7f,0x6f};
   6          
   7          void resetTimer0() {
   8   1        TH0 = 0x3c;
   9   1        TL0 = 0xb0;
  10   1      }
  11          
  12          void initTimer0() {
  13   1        TMOD = 0x01;
  14   1        resetTimer0();
  15   1        TR0 = 1;
  16   1      }
  17          
  18          void initTimer0Inter() {
  19   1        ET0 = 1;
  20   1        EA = 1;
  21   1      }
  22          
  23          void onTimer0Inter() interrupt 1 {
  24   1        resetTimer0();
  25   1        if(++timer_cycle == 20) {
  26   2          timer_cycle = 0;
  27   2          ++seconds;
  28   2        }
  29   1        if(seconds == 60)
  30   1          seconds = 0;
  31   1        
  32   1        P0 = table[seconds / 10];
  33   1        P2 = table[seconds % 10];
  34   1      }
  35          
  36          int main() {
  37   1        P0 = P2 = table[0];
  38   1        
  39   1        initTimer0();
  40   1        initTimer0Inter();
  41   1        
  42   1        while(1);
  43   1      }


MODULE INFORMATION:   STATIC OVERLAYABLE
   CODE SIZE        =    145    ----
   CONSTANT SIZE    =   ----    ----
   XDATA SIZE       =   ----    ----
   PDATA SIZE       =   ----    ----
   DATA SIZE        =     12    ----
   IDATA SIZE       =   ----    ----
   BIT SIZE         =   ----    ----
END OF MODULE INFORMATION.

C51 COMPILER V9.60.7.0   MAIN                                                              04/30/2024 09:12:09 PAGE 2   


C51 COMPILATION COMPLETE.  0 WARNING(S),  0 ERROR(S)
