C51 COMPILER V9.60.7.0   A                                                                 03/26/2024 10:07:37 PAGE 1   


C51 COMPILER V9.60.7.0, COMPILATION OF MODULE A
OBJECT MODULE PLACED IN .\Objects\a.obj
COMPILER INVOKED BY: C:\Keil_v5\C51\BIN\C51.EXE a.c OPTIMIZE(8,SPEED) BROWSE DEBUG OBJECTEXTEND PRINT(.\Listings\a.lst) 
                    -TABS(2) OBJECT(.\Objects\a.obj)

line level    source

   1          #include <reg51.h>
   2          
   3          void delay(void) {
   4   1        int i;
   5   1        for(i = 0;i < 10000;i++);
   6   1      }
   7          
   8          void updatePorts(short val) {
   9   1        P2 = val;
  10   1        P0 = val;
  11   1      }
  12          
  13          int main(void) {
  14   1        updatePorts(0xFE);
  15   1        while(1) {
  16   2          delay();
  17   2          P2 <<= 1;
  18   2          P2 |= 0x01;   
  19   2          P0 = P2;
  20   2          delay();
  21   2          if(P2 == 0x7F) {
  22   3            updatePorts(0xFE);
  23   3          }
  24   2        }
  25   1        return 0;
  26   1      }
*** WARNING C294 IN LINE 25 OF a.c: unreachable code


MODULE INFORMATION:   STATIC OVERLAYABLE
   CODE SIZE        =     59    ----
   CONSTANT SIZE    =   ----    ----
   XDATA SIZE       =   ----    ----
   PDATA SIZE       =   ----    ----
   DATA SIZE        =   ----    ----
   IDATA SIZE       =   ----    ----
   BIT SIZE         =   ----    ----
END OF MODULE INFORMATION.


C51 COMPILATION COMPLETE.  1 WARNING(S),  0 ERROR(S)
