C51 COMPILER V9.60.7.0   MAIN                                                              05/05/2024 21:29:45 PAGE 1   


C51 COMPILER V9.60.7.0, COMPILATION OF MODULE MAIN
OBJECT MODULE PLACED IN .\Objects\main.obj
COMPILER INVOKED BY: C:\Keil_v5\C51\BIN\C51.EXE main.c OPTIMIZE(8,SPEED) BROWSE DEBUG OBJECTEXTEND PRINT(.\Listings\main
                    -.lst) TABS(2) OBJECT(.\Objects\main.obj)

line level    source

   1          #include <reg51.h>
   2          
   3          char led1_codes[] = {0x4f,0x5b};
   4          char led2_codes[] = {0x76,0x38};
   5          bit i = 1;
   6          
   7          void int0Srv() interrupt 0 {
   8   1        i = 1;
   9   1      }
  10          
  11          void int1Srv() interrupt 2 {
  12   1        i = 0;
  13   1      }
  14          
  15          void delay1ms()   //@12.000MHz
  16          {
  17   1        unsigned char i, j;
  18   1      
  19   1        i = 2;
  20   1        j = 239;
  21   1        do
  22   1        {
  23   2          while (--j);
  24   2        } while (--i);
  25   1      }
  26          
  27          int main() {
  28   1        P2 = 0x00;
  29   1        
  30   1        EA = 1;
  31   1        EX0 = 1;
  32   1        IT0 = 1;
  33   1        EX1 = 1;
  34   1        IT1 = 1;
  35   1        
  36   1        while(1) {    
  37   2          P1 = 0x01;
  38   2          P2 = led1_codes[i];
  39   2          delay1ms();
  40   2          P1 = 0x02;
  41   2          P2 = led2_codes[i];
  42   2          delay1ms();
  43   2        }
  44   1      }


MODULE INFORMATION:   STATIC OVERLAYABLE
   CODE SIZE        =     62    ----
   CONSTANT SIZE    =   ----    ----
   XDATA SIZE       =   ----    ----
   PDATA SIZE       =   ----    ----
   DATA SIZE        =      4    ----
   IDATA SIZE       =   ----    ----
   BIT SIZE         =      1    ----
C51 COMPILER V9.60.7.0   MAIN                                                              05/05/2024 21:29:45 PAGE 2   

END OF MODULE INFORMATION.


C51 COMPILATION COMPLETE.  0 WARNING(S),  0 ERROR(S)
