C51 COMPILER V9.60.7.0   MAIN                                                              04/28/2024 21:28:06 PAGE 1   


C51 COMPILER V9.60.7.0, COMPILATION OF MODULE MAIN
OBJECT MODULE PLACED IN .\Objects\main.obj
COMPILER INVOKED BY: C:\Keil_v5\C51\BIN\C51.EXE main.c OPTIMIZE(8,SPEED) BROWSE DEBUG OBJECTEXTEND PRINT(.\Listings\main
                    -.lst) TABS(2) OBJECT(.\Objects\main.obj)

line level    source

   1          #include <reg51.h>
   2          #include <intrins.h>
   3          
   4          void delay500ms();
   5          
   6          int main() {
   7   1        P0 = 0xfe;
   8   1        while(1) {
   9   2          delay500ms();
  10   2          P0 <<= 1;
  11   2          ++P0;
  12   2          if(P0 == 0xff)
  13   2            P0 = 0xfe;
  14   2        }
  15   1      }
  16          
  17          void delay500ms()   //@12.000MHz
  18          {
  19   1        unsigned char i, j, k;
  20   1      
  21   1        _nop_();
  22   1        i = 4;
  23   1        j = 205;
  24   1        k = 187;
  25   1        do
  26   1        {
  27   2          do
  28   2          {
  29   3            while (--k);
  30   3          } while (--j);
  31   2        } while (--i);
  32   1      }


MODULE INFORMATION:   STATIC OVERLAYABLE
   CODE SIZE        =     38    ----
   CONSTANT SIZE    =   ----    ----
   XDATA SIZE       =   ----    ----
   PDATA SIZE       =   ----    ----
   DATA SIZE        =   ----    ----
   IDATA SIZE       =   ----    ----
   BIT SIZE         =   ----    ----
END OF MODULE INFORMATION.


C51 COMPILATION COMPLETE.  0 WARNING(S),  0 ERROR(S)
